# JRE version: OpenJDK Runtime Environment (11.0.10) (build 11.0.10+0-b96-7249189)
# Java VM: OpenJDK 64-Bit Server VM (11.0.10+0-b96-7249189, mixed mode, tiered, compressed oops, g1 gc, linux-amd64)
Heap:
 garbage-first heap   total 264192K, used 136889K [0x0000000080000000, 0x0000000100000000)
  region size 1024K, 37 young (37888K), 13 survivors (13312K)
 Metaspace       used 108267K, capacity 111361K, committed 111736K, reserved 1146880K
  class space    used 13910K, capacity 15015K, committed 15052K, reserved 1048576K
GC Heap History (20 events):
Event: 7.584 GC heap before
{Heap before GC invocations=13 (full 0):
 garbage-first heap   total 183296K, used 98304K [0x0000000080000000, 0x0000000100000000)
  region size 1024K, 33 young (33792K), 10 survivors (10240K)
 Metaspace       used 58091K, capacity 59729K, committed 59948K, reserved 1101824K
  class space    used 7464K, capacity 8006K, committed 8064K, reserved 1048576K
}
Event: 7.602 GC heap after
{Heap after GC invocations=14 (full 0):
 garbage-first heap   total 183296K, used 77453K [0x0000000080000000, 0x0000000100000000)
  region size 1024K, 2 young (2048K), 2 survivors (2048K)
 Metaspace       used 58091K, capacity 59729K, committed 59948K, reserved 1101824K
  class space    used 7464K, capacity 8006K, committed 8064K, reserved 1048576K
}
Event: 8.313 GC heap before
{Heap before GC invocations=15 (full 0):
 garbage-first heap   total 183296K, used 125581K [0x0000000080000000, 0x0000000100000000)
  region size 1024K, 50 young (51200K), 2 survivors (2048K)
 Metaspace       used 64734K, capacity 66550K, committed 66808K, reserved 1107968K
  class space    used 8302K, capacity 8915K, committed 9036K, reserved 1048576K
}
Event: 8.322 GC heap after
{Heap after GC invocations=16 (full 0):
 garbage-first heap   total 183296K, used 80201K [0x0000000080000000, 0x0000000100000000)
  region size 1024K, 5 young (5120K), 5 survivors (5120K)
 Metaspace       used 64734K, capacity 66550K, committed 66808K, reserved 1107968K
  class space    used 8302K, capacity 8915K, committed 9036K, reserved 1048576K
}
Event: 9.133 GC heap before
{Heap before GC invocations=17 (full 0):
 garbage-first heap   total 183296K, used 130377K [0x0000000080000000, 0x0000000100000000)
  region size 1024K, 54 young (55296K), 5 survivors (5120K)
 Metaspace       used 69121K, capacity 70909K, committed 71160K, reserved 1112064K
  class space    used 8850K, capacity 9481K, committed 9548K, reserved 1048576K
}
Event: 9.144 GC heap after
{Heap after GC invocations=18 (full 0):
 garbage-first heap   total 220160K, used 82526K [0x0000000080000000, 0x0000000100000000)
  region size 1024K, 6 young (6144K), 6 survivors (6144K)
 Metaspace       used 69121K, capacity 70909K, committed 71160K, reserved 1112064K
  class space    used 8850K, capacity 9481K, committed 9548K, reserved 1048576K
}
Event: 10.040 GC heap before
{Heap before GC invocations=18 (full 0):
 garbage-first heap   total 220160K, used 152158K [0x0000000080000000, 0x0000000100000000)
  region size 1024K, 74 young (75776K), 6 survivors (6144K)
 Metaspace       used 74814K, capacity 76845K, committed 77048K, reserved 1116160K
  class space    used 9580K, capacity 10283K, committed 10316K, reserved 1048576K
}
Event: 10.054 GC heap after
{Heap after GC invocations=19 (full 0):
 garbage-first heap   total 220160K, used 88378K [0x0000000080000000, 0x0000000100000000)
  region size 1024K, 9 young (9216K), 9 survivors (9216K)
 Metaspace       used 74814K, capacity 76845K, committed 77048K, reserved 1116160K
  class space    used 9580K, capacity 10283K, committed 10316K, reserved 1048576K
}
Event: 10.905 GC heap before
{Heap before GC invocations=19 (full 0):
 garbage-first heap   total 220160K, used 158010K [0x0000000080000000, 0x0000000100000000)
  region size 1024K, 77 young (78848K), 9 survivors (9216K)
 Metaspace       used 81254K, capacity 83444K, committed 83704K, reserved 1122304K
  class space    used 10555K, capacity 11276K, committed 11340K, reserved 1048576K
}
Event: 10.924 GC heap after
{Heap after GC invocations=20 (full 0):
 garbage-first heap   total 220160K, used 92750K [0x0000000080000000, 0x0000000100000000)
  region size 1024K, 5 young (5120K), 5 survivors (5120K)
 Metaspace       used 81254K, capacity 83444K, committed 83704K, reserved 1122304K
  class space    used 10555K, capacity 11276K, committed 11340K, reserved 1048576K
}
Event: 11.652 GC heap before
{Heap before GC invocations=20 (full 0):
 garbage-first heap   total 220160K, used 163406K [0x0000000080000000, 0x0000000100000000)
  region size 1024K, 74 young (75776K), 5 survivors (5120K)
 Metaspace       used 86840K, capacity 89197K, committed 89592K, reserved 1126400K
  class space    used 11190K, capacity 11970K, committed 12108K, reserved 1048576K
}
Event: 11.661 GC heap after
{Heap after GC invocations=21 (full 0):
 garbage-first heap   total 220160K, used 96814K [0x0000000080000000, 0x0000000100000000)
  region size 1024K, 9 young (9216K), 9 survivors (9216K)
 Metaspace       used 86840K, capacity 89197K, committed 89592K, reserved 1126400K
  class space    used 11190K, capacity 11970K, committed 12108K, reserved 1048576K
}
Event: 12.743 GC heap before
{Heap before GC invocations=21 (full 0):
 garbage-first heap   total 220160K, used 167470K [0x0000000080000000, 0x0000000100000000)
  region size 1024K, 78 young (79872K), 9 survivors (9216K)
 Metaspace       used 94081K, capacity 96489K, committed 96632K, reserved 1132544K
  class space    used 12115K, capacity 12962K, committed 13004K, reserved 1048576K
}
Event: 12.775 GC heap after
{Heap after GC invocations=22 (full 0):
 garbage-first heap   total 220160K, used 100666K [0x0000000080000000, 0x0000000100000000)
  region size 1024K, 9 young (9216K), 9 survivors (9216K)
 Metaspace       used 94081K, capacity 96489K, committed 96632K, reserved 1132544K
  class space    used 12115K, capacity 12962K, committed 13004K, reserved 1048576K
}
Event: 13.777 GC heap before
{Heap before GC invocations=22 (full 0):
 garbage-first heap   total 220160K, used 170298K [0x0000000080000000, 0x0000000100000000)
  region size 1024K, 78 young (79872K), 9 survivors (9216K)
 Metaspace       used 95992K, capacity 98535K, committed 98680K, reserved 1134592K
  class space    used 12335K, capacity 13241K, committed 13260K, reserved 1048576K
}
Event: 13.795 GC heap after
{Heap after GC invocations=23 (full 0):
 garbage-first heap   total 220160K, used 105492K [0x0000000080000000, 0x0000000100000000)
  region size 1024K, 9 young (9216K), 9 survivors (9216K)
 Metaspace       used 95992K, capacity 98535K, committed 98680K, reserved 1134592K
  class space    used 12335K, capacity 13241K, committed 13260K, reserved 1048576K
}
Event: 14.490 GC heap before
{Heap before GC invocations=23 (full 0):
 garbage-first heap   total 220160K, used 174100K [0x0000000080000000, 0x0000000100000000)
  region size 1024K, 77 young (78848K), 9 survivors (9216K)
 Metaspace       used 102370K, capacity 105079K, committed 105336K, reserved 1140736K
  class space    used 13210K, capacity 14217K, committed 14284K, reserved 1048576K
}
Event: 14.519 GC heap after
{Heap after GC invocations=24 (full 0):
 garbage-first heap   total 264192K, used 107690K [0x0000000080000000, 0x0000000100000000)
  region size 1024K, 7 young (7168K), 7 survivors (7168K)
 Metaspace       used 102370K, capacity 105079K, committed 105336K, reserved 1140736K
  class space    used 13210K, capacity 14217K, committed 14284K, reserved 1048576K
}
Event: 268.437 GC heap before
{Heap before GC invocations=24 (full 0):
 garbage-first heap   total 264192K, used 201898K [0x0000000080000000, 0x0000000100000000)
  region size 1024K, 99 young (101376K), 7 survivors (7168K)
 Metaspace       used 107630K, capacity 110583K, committed 110840K, reserved 1144832K
  class space    used 13854K, capacity 14910K, committed 14924K, reserved 1048576K
}
Event: 268.475 GC heap after
{Heap after GC invocations=25 (full 0):
 garbage-first heap   total 264192K, used 114361K [0x0000000080000000, 0x0000000100000000)
  region size 1024K, 13 young (13312K), 13 survivors (13312K)
 Metaspace       used 107630K, capacity 110583K, committed 110840K, reserved 1144832K
  class space    used 13854K, capacity 14910K, committed 14924K, reserved 1048576K
}

